<?xml version="1.0" encoding="UTF-8"?>
<!-- Generated by org.testng.reporters.JUnitReportReporter -->
<testsuite hostname="DESKTOP-69HB3GN" failures="0" tests="1" name="Automation.MavenAutomation1.AppTest" time="0.005" errors="0" timestamp="2025-02-15T19:00:44 EST" skipped="0">
  <testcase classname="Automation.MavenAutomation1.AppTest" name="shouldAnswerWithTrue" time="0.005"/>
  <system-out/>
</testsuite> <!-- Automation.MavenAutomation1.AppTest -->
